<?xml version="1.0" encoding="UTF-8"?>
<testng-results skipped="0" failed="0" ignored="2" total="3" passed="1">
  <reporter-output>
  </reporter-output>
  <suite name="Suite" duration-ms="15785" started-at="2019-03-31T09:25:21Z" finished-at="2019-03-31T09:25:37Z">
    <groups>
    </groups>
    <test name="Test" duration-ms="15785" started-at="2019-03-31T09:25:21Z" finished-at="2019-03-31T09:25:37Z">
      <class name="testCases.TC001_CreateLead">
        <test-method status="PASS" signature="setData()[pri:0, instance:testCases.TC001_CreateLead@42dafa95]" name="setData" is-config="true" duration-ms="12" started-at="2019-03-31T09:25:21Z" finished-at="2019-03-31T09:25:21Z">
          <reporter-output>
          </reporter-output>
        </test-method> <!-- setData -->
        <test-method status="PASS" signature="setData()[pri:0, instance:testCases.TC003_DeleteLead@402a079c]" name="setData" is-config="true" duration-ms="0" started-at="2019-03-31T09:25:21Z" finished-at="2019-03-31T09:25:21Z">
          <reporter-output>
          </reporter-output>
        </test-method> <!-- setData -->
        <test-method status="PASS" signature="setData()[pri:0, instance:testCases.TC002_EditLead@6500df86]" name="setData" is-config="true" duration-ms="0" started-at="2019-03-31T09:25:21Z" finished-at="2019-03-31T09:25:21Z">
          <reporter-output>
          </reporter-output>
        </test-method> <!-- setData -->
      </class> <!-- testCases.TC001_CreateLead -->
      <class name="testCases.TC003_DeleteLead">
        <test-method status="PASS" signature="login(java.lang.String)[pri:0, instance:testCases.TC003_DeleteLead@402a079c]" name="login" is-config="true" duration-ms="5200" started-at="2019-03-31T09:25:22Z" finished-at="2019-03-31T09:25:28Z">
          <params>
            <param index="0">
              <value>
                <![CDATA[http://leaftaps.com/opentaps/control/main]]>
              </value>
            </param>
          </params>
          <reporter-output>
          </reporter-output>
        </test-method> <!-- login -->
        <test-method status="PASS" signature="deleteLead(java.lang.String, java.lang.String, java.lang.String)[pri:0, instance:testCases.TC003_DeleteLead@402a079c]" name="deleteLead" duration-ms="7100" started-at="2019-03-31T09:25:28Z" data-provider="harika2" finished-at="2019-03-31T09:25:35Z">
          <params>
            <param index="0">
              <value>
                <![CDATA[demosalesmanager]]>
              </value>
            </param>
            <param index="1">
              <value>
                <![CDATA[crmsfa]]>
              </value>
            </param>
            <param index="2">
              <value>
                <![CDATA[gmail.com]]>
              </value>
            </param>
          </params>
          <reporter-output>
          </reporter-output>
        </test-method> <!-- deleteLead -->
        <test-method status="PASS" signature="closeApp()[pri:0, instance:testCases.TC003_DeleteLead@402a079c]" name="closeApp" is-config="true" duration-ms="2366" started-at="2019-03-31T09:25:35Z" finished-at="2019-03-31T09:25:37Z">
          <reporter-output>
          </reporter-output>
        </test-method> <!-- closeApp -->
      </class> <!-- testCases.TC003_DeleteLead -->
    </test> <!-- Test -->
  </suite> <!-- Suite -->
</testng-results>
