<?xml version="1.0" encoding="UTF-8"?>
<!-- Generated by org.testng.reporters.JUnitXMLReporter -->
<testsuite hostname="DESKTOP-9LTQUQR" ignored="2" name="Test" tests="1" failures="0" timestamp="31 Mar 2019 09:25:37 GMT" time="15.785" errors="0">
  <testcase name="deleteLead" time="7.1" classname="testCases.TC003_DeleteLead"/>
  <testcase name="EditLead" time="0.0" classname="testCases.TC002_EditLead">
    <ignored/>
  </testcase> <!-- EditLead -->
  <testcase name="createLead" time="0.0" classname="testCases.TC001_CreateLead">
    <ignored/>
  </testcase> <!-- createLead -->
</testsuite> <!-- Test -->
